\BOOKMARK [0][-]{dummy.1}{\376\377\000D\000e\000c\000l\000a\000r\000a\000t\000i\000o\000n\000\040\000o\000f\000\040\000A\000u\000t\000h\000o\000r\000s\000h\000i\000p}{}
\BOOKMARK [0][-]{dummy.2}{\376\377\000A\000b\000s\000t\000r\000a\000c\000t}{}
\BOOKMARK [0][-]{dummy.3}{\376\377\000A\000c\000k\000n\000o\000w\000l\000e\000d\000g\000e\000m\000e\000n\000t\000s}{}
\BOOKMARK [0][-]{dummy.5}{\376\377\000L\000i\000s\000t\000\040\000o\000f\000\040\000F\000i\000g\000u\000r\000e\000s}{}
\BOOKMARK [0][-]{dummy.7}{\376\377\000L\000i\000s\000t\000\040\000o\000f\000\040\000T\000a\000b\000l\000e\000s}{}
\BOOKMARK [0][-]{dummy.9}{\376\377\000A\000b\000b\000r\000e\000v\000i\000a\000t\000i\000o\000n\000s}{}
\BOOKMARK [0][-]{dummy.12}{\376\377\000P\000h\000y\000s\000i\000c\000a\000l\000\040\000C\000o\000n\000s\000t\000a\000n\000t\000s}{}
\BOOKMARK [0][-]{dummy.15}{\376\377\000S\000y\000m\000b\000o\000l\000s}{}
\BOOKMARK [0][-]{chapter.18}{\376\377\0001\000\040\000W\000p\000r\000o\000w\000a\000d\000z\000e\000n\000i\000e}{}
\BOOKMARK [1][-]{section.19}{\376\377\0001\000.\0001\000\040\000W\000e\000l\000c\000o\000m\000e\000\040\000a\000n\000d\000\040\000T\000h\000a\000n\000k\000\040\000Y\000o\000u}{chapter.18}
\BOOKMARK [2][-]{subsection.20}{\376\377\0001\000.\0001\000.\0001\000\040\000E\000x\000a\000m\000p\000l\000e\000s\000\040\000o\000f\000\040\000L\000a\000T\000e\000X\000\040\000T\000y\000p\000e\000s\000e\000t\000\040\000e\000B\000o\000o\000k\000s}{section.19}
\BOOKMARK [1][-]{section.21}{\376\377\0001\000.\0002\000\040\000L\000e\000a\000r\000n\000i\000n\000g\000\040\000L\000a\000T\000e\000X}{chapter.18}
\BOOKMARK [2][-]{subsection.22}{\376\377\0001\000.\0002\000.\0001\000\040\000A\000\040\000\050\000n\000o\000t\000\040\000s\000o\000\040\000s\000h\000o\000r\000t\000\051\000\040\000I\000n\000t\000r\000o\000d\000u\000c\000t\000i\000o\000n\000\040\000t\000o\000\040\000L\000a\000T\000e\000X}{section.21}
\BOOKMARK [2][-]{subsection.23}{\376\377\0001\000.\0002\000.\0002\000\040\000A\000\040\000S\000h\000o\000r\000t\000\040\000M\000a\000t\000h\000\040\000G\000u\000i\000d\000e\000\040\000f\000o\000r\000\040\000L\000a\000T\000e\000X}{section.21}
\BOOKMARK [2][-]{subsection.24}{\376\377\0001\000.\0002\000.\0003\000\040\000C\000o\000m\000m\000o\000n\000\040\000L\000a\000T\000e\000X\000\040\000M\000a\000t\000h\000\040\000S\000y\000m\000b\000o\000l\000s}{section.21}
\BOOKMARK [2][-]{subsection.25}{\376\377\0001\000.\0002\000.\0004\000\040\000L\000a\000T\000e\000X\000\040\000o\000n\000\040\000a\000\040\000M\000a\000c}{section.21}
\BOOKMARK [1][-]{section.26}{\376\377\0001\000.\0003\000\040\000G\000e\000t\000t\000i\000n\000g\000\040\000S\000t\000a\000r\000t\000e\000d\000\040\000w\000i\000t\000h\000\040\000t\000h\000i\000s\000\040\000T\000e\000m\000p\000l\000a\000t\000e}{chapter.18}
\BOOKMARK [2][-]{subsection.27}{\376\377\0001\000.\0003\000.\0001\000\040\000L\000a\000t\000e\000s\000t\000\040\000V\000e\000r\000s\000i\000o\000n}{section.26}
\BOOKMARK [2][-]{subsection.28}{\376\377\0001\000.\0003\000.\0002\000\040\000L\000i\000s\000t\000\040\000o\000f\000\040\000C\000h\000a\000n\000g\000e\000s}{section.26}
\BOOKMARK [2][-]{subsection.34}{\376\377\0001\000.\0003\000.\0003\000\040\000A\000b\000o\000u\000t\000\040\000t\000h\000i\000s\000\040\000T\000e\000m\000p\000l\000a\000t\000e}{section.26}
\BOOKMARK [1][-]{section.35}{\376\377\0001\000.\0004\000\040\000W\000h\000a\000t\000\040\000t\000h\000i\000s\000\040\000T\000e\000m\000p\000l\000a\000t\000e\000\040\000I\000n\000c\000l\000u\000d\000e\000s}{chapter.18}
\BOOKMARK [2][-]{subsection.36}{\376\377\0001\000.\0004\000.\0001\000\040\000F\000o\000l\000d\000e\000r\000s}{section.35}
\BOOKMARK [2][-]{subsection.37}{\376\377\0001\000.\0004\000.\0002\000\040\000F\000i\000l\000e\000s}{section.35}
\BOOKMARK [1][-]{section.38}{\376\377\0001\000.\0005\000\040\000F\000i\000l\000l\000i\000n\000g\000\040\000i\000n\000\040\000t\000h\000e\000\040\000`\000T\000h\000e\000s\000i\000s\000.\000c\000l\000s\000'\000\040\000F\000i\000l\000e}{chapter.18}
\BOOKMARK [1][-]{section.39}{\376\377\0001\000.\0006\000\040\000T\000h\000e\000\0